STAR version=2.7.11b
STAR compilation time,server,dir=2024-03-19T08:38:59+0000 :/opt/conda/conda-bld/star_1710837244939/work/source
##### Command Line:
/tscc/nfs/home/a5russell/mambaforge/envs/NEP/bin/STAR-avx2 --runMode genomeGenerate --runThreadN 1 --genomeDir Database/ampliseqplas --genomeFastaFiles Database/ampliseqplas.fa --genomeSAindexNbases 3
##### Initial USER parameters from Command Line:
###### All USER parameters from Command Line:
runMode                       genomeGenerate        ~RE-DEFINED
runThreadN                    1     ~RE-DEFINED
genomeDir                     Database/ampliseqplas     ~RE-DEFINED
genomeFastaFiles              Database/ampliseqplas.fa        ~RE-DEFINED
genomeSAindexNbases           3     ~RE-DEFINED
##### Finished reading parameters from all sources

##### Final user re-defined parameters-----------------:
runMode                           genomeGenerate   
runThreadN                        1
genomeDir                         Database/ampliseqplas
genomeFastaFiles                  Database/ampliseqplas.fa   
genomeSAindexNbases               3

-------------------------------
##### Final effective command line:
/tscc/nfs/home/a5russell/mambaforge/envs/NEP/bin/STAR-avx2   --runMode genomeGenerate      --runThreadN 1   --genomeDir Database/ampliseqplas   --genomeFastaFiles Database/ampliseqplas.fa      --genomeSAindexNbases 3
----------------------------------------

Number of fastq files for each mate = 1
ParametersSolo: --soloCellFilterType CellRanger2.2 filtering parameters:  3000 0.99 10
Finished loading and checking parameters
--genomeDir directory created: Database/ampliseqplas/
Jun 18 11:24:23 ... starting to generate Genome files
Database/ampliseqplas.fa : chr # 0  "ampliSeqplas" chrStart: 0
Chromosome sequence lengths: 
ampliSeqplas	674
Genome sequence total length = 674
Genome size with padding = 262144
Estimated genome size with padding and SJs: total=genome+SJ=201262144 = 262144 + 201000000
GstrandBit=32
Number of SA indices: 1348
Jun 18 11:24:23 ... starting to sort Suffix Array. This may take a long time...
Number of chunks: 1;   chunks size limit: 18599685304 bytes
Jun 18 11:24:23 ... sorting Suffix Array chunks and saving them to disk...
Writing 10784 bytes into Database/ampliseqplas//SA_0 ; empty space on disk = 2051875400699904 bytes ... done
Jun 18 11:24:23 ... loading chunks from disk, packing SA...
Jun 18 11:24:23 ... finished generating suffix array
Jun 18 11:24:23 ... generating Suffix Array index
Jun 18 11:24:23 ... completed Suffix Array index
Jun 18 11:24:23 ... writing Genome to disk ...
Writing 262144 bytes into Database/ampliseqplas//Genome ; empty space on disk = 2051875400699904 bytes ... done
SA size in bytes: 5564
Jun 18 11:24:23 ... writing Suffix Array to disk ...
Writing 5564 bytes into Database/ampliseqplas//SA ; empty space on disk = 2051875400699904 bytes ... done
Jun 18 11:24:23 ... writing SAindex to disk
Writing 8 bytes into Database/ampliseqplas//SAindex ; empty space on disk = 2051875400699904 bytes ... done
Writing 32 bytes into Database/ampliseqplas//SAindex ; empty space on disk = 2051875400699904 bytes ... done
Writing 371 bytes into Database/ampliseqplas//SAindex ; empty space on disk = 2051875400699904 bytes ... done
Jun 18 11:24:23 ..... finished successfully
DONE: Genome generation, EXITING
