                                 Started job on |	Jun 20 15:16:24
                             Started mapping on |	Jun 20 15:16:24
                                    Finished on |	Jun 20 15:17:55
       Mapping speed, Million of reads per hour |	111.64

                          Number of input reads |	2821930
                      Average input read length |	300
                                    UNIQUE READS:
                   Uniquely mapped reads number |	2738738
                        Uniquely mapped reads % |	97.05%
                          Average mapped length |	300.00
                       Number of splices: Total |	0
            Number of splices: Annotated (sjdb) |	0
                       Number of splices: GT/AG |	0
                       Number of splices: GC/AG |	0
                       Number of splices: AT/AC |	0
               Number of splices: Non-canonical |	0
                      Mismatch rate per base, % |	1.34%
                         Deletion rate per base |	0.03%
                        Deletion average length |	1.00
                        Insertion rate per base |	0.00%
                       Insertion average length |	1.03
                             MULTI-MAPPING READS:
        Number of reads mapped to multiple loci |	10430
             % of reads mapped to multiple loci |	0.37%
        Number of reads mapped to too many loci |	2
             % of reads mapped to too many loci |	0.00%
                                  UNMAPPED READS:
  Number of reads unmapped: too many mismatches |	9562
       % of reads unmapped: too many mismatches |	0.34%
            Number of reads unmapped: too short |	1559
                 % of reads unmapped: too short |	0.06%
                Number of reads unmapped: other |	61639
                     % of reads unmapped: other |	2.18%
                                  CHIMERIC READS:
                       Number of chimeric reads |	0
                            % of chimeric reads |	0.00%
