                                 Started job on |	Jun 18 11:33:49
                             Started mapping on |	Jun 18 11:33:49
                                    Finished on |	Jun 18 11:34:53
       Mapping speed, Million of reads per hour |	202.22

                          Number of input reads |	3595005
                      Average input read length |	281
                                    UNIQUE READS:
                   Uniquely mapped reads number |	3568351
                        Uniquely mapped reads % |	99.26%
                          Average mapped length |	281.33
                       Number of splices: Total |	0
            Number of splices: Annotated (sjdb) |	0
                       Number of splices: GT/AG |	0
                       Number of splices: GC/AG |	0
                       Number of splices: AT/AC |	0
               Number of splices: Non-canonical |	0
                      Mismatch rate per base, % |	1.00%
                         Deletion rate per base |	0.04%
                        Deletion average length |	1.00
                        Insertion rate per base |	0.00%
                       Insertion average length |	1.11
                             MULTI-MAPPING READS:
        Number of reads mapped to multiple loci |	13915
             % of reads mapped to multiple loci |	0.39%
        Number of reads mapped to too many loci |	2
             % of reads mapped to too many loci |	0.00%
                                  UNMAPPED READS:
  Number of reads unmapped: too many mismatches |	5373
       % of reads unmapped: too many mismatches |	0.15%
            Number of reads unmapped: too short |	5732
                 % of reads unmapped: too short |	0.16%
                Number of reads unmapped: other |	1632
                     % of reads unmapped: other |	0.05%
                                  CHIMERIC READS:
                       Number of chimeric reads |	0
                            % of chimeric reads |	0.00%
