                                 Started job on |	Jun 18 11:31:58
                             Started mapping on |	Jun 18 11:31:58
                                    Finished on |	Jun 18 11:32:32
       Mapping speed, Million of reads per hour |	167.11

                          Number of input reads |	1578241
                      Average input read length |	297
                                    UNIQUE READS:
                   Uniquely mapped reads number |	1530437
                        Uniquely mapped reads % |	96.97%
                          Average mapped length |	298.34
                       Number of splices: Total |	0
            Number of splices: Annotated (sjdb) |	0
                       Number of splices: GT/AG |	0
                       Number of splices: GC/AG |	0
                       Number of splices: AT/AC |	0
               Number of splices: Non-canonical |	0
                      Mismatch rate per base, % |	0.83%
                         Deletion rate per base |	0.06%
                        Deletion average length |	1.00
                        Insertion rate per base |	0.08%
                       Insertion average length |	4.86
                             MULTI-MAPPING READS:
        Number of reads mapped to multiple loci |	12927
             % of reads mapped to multiple loci |	0.82%
        Number of reads mapped to too many loci |	0
             % of reads mapped to too many loci |	0.00%
                                  UNMAPPED READS:
  Number of reads unmapped: too many mismatches |	11766
       % of reads unmapped: too many mismatches |	0.75%
            Number of reads unmapped: too short |	17371
                 % of reads unmapped: too short |	1.10%
                Number of reads unmapped: other |	5740
                     % of reads unmapped: other |	0.36%
                                  CHIMERIC READS:
                       Number of chimeric reads |	0
                            % of chimeric reads |	0.00%
