STAR version=2.7.11b
STAR compilation time,server,dir=2024-03-19T08:38:59+0000 :/opt/conda/conda-bld/star_1710837244939/work/source
##### Command Line:
/tscc/nfs/home/a5russell/mambaforge/envs/NEP/bin/STAR-avx2 --runMode genomeGenerate --runThreadN 1 --genomeDir Database/PB1del_adapt_TSO --genomeFastaFiles Database/PB1del_adapt_TSO.fa --genomeSAindexNbases 3
##### Initial USER parameters from Command Line:
###### All USER parameters from Command Line:
runMode                       genomeGenerate        ~RE-DEFINED
runThreadN                    1     ~RE-DEFINED
genomeDir                     Database/PB1del_adapt_TSO     ~RE-DEFINED
genomeFastaFiles              Database/PB1del_adapt_TSO.fa        ~RE-DEFINED
genomeSAindexNbases           3     ~RE-DEFINED
##### Finished reading parameters from all sources

##### Final user re-defined parameters-----------------:
runMode                           genomeGenerate   
runThreadN                        1
genomeDir                         Database/PB1del_adapt_TSO
genomeFastaFiles                  Database/PB1del_adapt_TSO.fa   
genomeSAindexNbases               3

-------------------------------
##### Final effective command line:
/tscc/nfs/home/a5russell/mambaforge/envs/NEP/bin/STAR-avx2   --runMode genomeGenerate      --runThreadN 1   --genomeDir Database/PB1del_adapt_TSO   --genomeFastaFiles Database/PB1del_adapt_TSO.fa      --genomeSAindexNbases 3
----------------------------------------

Number of fastq files for each mate = 1
ParametersSolo: --soloCellFilterType CellRanger2.2 filtering parameters:  3000 0.99 10
Finished loading and checking parameters
--genomeDir directory created: Database/PB1del_adapt_TSO/
May 04 13:11:32 ... starting to generate Genome files
Database/PB1del_adapt_TSO.fa : chr # 0  "PB1del" chrStart: 0
Chromosome sequence lengths: 
PB1del	622
Genome sequence total length = 622
Genome size with padding = 262144
Estimated genome size with padding and SJs: total=genome+SJ=201262144 = 262144 + 201000000
GstrandBit=32
Number of SA indices: 1244
May 04 13:11:32 ... starting to sort Suffix Array. This may take a long time...
Number of chunks: 1;   chunks size limit: 18599685304 bytes
May 04 13:11:32 ... sorting Suffix Array chunks and saving them to disk...
Writing 9952 bytes into Database/PB1del_adapt_TSO//SA_0 ; empty space on disk = 2075048551309312 bytes ... done
May 04 13:11:32 ... loading chunks from disk, packing SA...
May 04 13:11:32 ... finished generating suffix array
May 04 13:11:32 ... generating Suffix Array index
May 04 13:11:32 ... completed Suffix Array index
May 04 13:11:32 ... writing Genome to disk ...
Writing 262144 bytes into Database/PB1del_adapt_TSO//Genome ; empty space on disk = 2075048551309312 bytes ... done
SA size in bytes: 5135
May 04 13:11:32 ... writing Suffix Array to disk ...
Writing 5135 bytes into Database/PB1del_adapt_TSO//SA ; empty space on disk = 2075048551309312 bytes ... done
May 04 13:11:32 ... writing SAindex to disk
Writing 8 bytes into Database/PB1del_adapt_TSO//SAindex ; empty space on disk = 2075048551309312 bytes ... done
Writing 32 bytes into Database/PB1del_adapt_TSO//SAindex ; empty space on disk = 2075048551309312 bytes ... done
Writing 371 bytes into Database/PB1del_adapt_TSO//SAindex ; empty space on disk = 2075048551309312 bytes ... done
May 04 13:11:32 ..... finished successfully
DONE: Genome generation, EXITING
