                                 Started job on |	May 09 16:39:39
                             Started mapping on |	May 09 16:39:39
                                    Finished on |	May 09 16:40:30
       Mapping speed, Million of reads per hour |	147.74

                          Number of input reads |	2092960
                      Average input read length |	297
                                    UNIQUE READS:
                   Uniquely mapped reads number |	1990728
                        Uniquely mapped reads % |	95.12%
                          Average mapped length |	297.15
                       Number of splices: Total |	0
            Number of splices: Annotated (sjdb) |	0
                       Number of splices: GT/AG |	0
                       Number of splices: GC/AG |	0
                       Number of splices: AT/AC |	0
               Number of splices: Non-canonical |	0
                      Mismatch rate per base, % |	1.10%
                         Deletion rate per base |	0.06%
                        Deletion average length |	1.00
                        Insertion rate per base |	0.49%
                       Insertion average length |	9.06
                             MULTI-MAPPING READS:
        Number of reads mapped to multiple loci |	51208
             % of reads mapped to multiple loci |	2.45%
        Number of reads mapped to too many loci |	5
             % of reads mapped to too many loci |	0.00%
                                  UNMAPPED READS:
  Number of reads unmapped: too many mismatches |	13585
       % of reads unmapped: too many mismatches |	0.65%
            Number of reads unmapped: too short |	20702
                 % of reads unmapped: too short |	0.99%
                Number of reads unmapped: other |	16732
                     % of reads unmapped: other |	0.80%
                                  CHIMERIC READS:
                       Number of chimeric reads |	0
                            % of chimeric reads |	0.00%
