                                 Started job on |	May 04 13:25:32
                             Started mapping on |	May 04 13:25:32
                                    Finished on |	May 04 13:26:56
       Mapping speed, Million of reads per hour |	84.48

                          Number of input reads |	1971136
                      Average input read length |	297
                                    UNIQUE READS:
                   Uniquely mapped reads number |	1889983
                        Uniquely mapped reads % |	95.88%
                          Average mapped length |	297.08
                       Number of splices: Total |	0
            Number of splices: Annotated (sjdb) |	0
                       Number of splices: GT/AG |	0
                       Number of splices: GC/AG |	0
                       Number of splices: AT/AC |	0
               Number of splices: Non-canonical |	0
                      Mismatch rate per base, % |	1.01%
                         Deletion rate per base |	0.05%
                        Deletion average length |	1.00
                        Insertion rate per base |	0.44%
                       Insertion average length |	8.84
                             MULTI-MAPPING READS:
        Number of reads mapped to multiple loci |	45653
             % of reads mapped to multiple loci |	2.32%
        Number of reads mapped to too many loci |	4
             % of reads mapped to too many loci |	0.00%
                                  UNMAPPED READS:
  Number of reads unmapped: too many mismatches |	8931
       % of reads unmapped: too many mismatches |	0.45%
            Number of reads unmapped: too short |	15385
                 % of reads unmapped: too short |	0.78%
                Number of reads unmapped: other |	11180
                     % of reads unmapped: other |	0.57%
                                  CHIMERIC READS:
                       Number of chimeric reads |	0
                            % of chimeric reads |	0.00%
