STAR version=2.7.11b
STAR compilation time,server,dir=2024-03-19T08:38:59+0000 :/opt/conda/conda-bld/star_1710837244939/work/source
##### Command Line:
/tscc/nfs/home/a5russell/mambaforge/envs/NEP/bin/STAR-avx2 --runMode alignReads --runThreadN 6 --genomeDir Database/PB1del_adapt_TSO --readFilesIn Sequencing/SNPRACE/RACE-m89-1-minG-noNEP_R2_001_uncapped.fastq Sequencing/SNPRACE/RACE-m89-1-minG-noNEP_R1_001_uncapped.fastq --outFileNamePrefix Results/STARalignSNPRACE/noNEP-1 --outSAMtype BAM Unsorted --alignIntronMax 1 --alignEndsType EndToEnd --outFilterMismatchNmax 999 --outFilterMismatchNoverReadLmax 0.1
##### Initial USER parameters from Command Line:
outFileNamePrefix                 Results/STARalignSNPRACE/noNEP-1
###### All USER parameters from Command Line:
runMode                       alignReads        ~RE-DEFINED
runThreadN                    6     ~RE-DEFINED
genomeDir                     Database/PB1del_adapt_TSO     ~RE-DEFINED
readFilesIn                   Sequencing/SNPRACE/RACE-m89-1-minG-noNEP_R2_001_uncapped.fastq   Sequencing/SNPRACE/RACE-m89-1-minG-noNEP_R1_001_uncapped.fastq        ~RE-DEFINED
outFileNamePrefix             Results/STARalignSNPRACE/noNEP-1     ~RE-DEFINED
outSAMtype                    BAM   Unsorted        ~RE-DEFINED
alignIntronMax                1     ~RE-DEFINED
alignEndsType                 EndToEnd     ~RE-DEFINED
outFilterMismatchNmax         999     ~RE-DEFINED
outFilterMismatchNoverReadLmax0.1     ~RE-DEFINED
##### Finished reading parameters from all sources

##### Final user re-defined parameters-----------------:
runMode                           alignReads   
runThreadN                        6
genomeDir                         Database/PB1del_adapt_TSO
readFilesIn                       Sequencing/SNPRACE/RACE-m89-1-minG-noNEP_R2_001_uncapped.fastq   Sequencing/SNPRACE/RACE-m89-1-minG-noNEP_R1_001_uncapped.fastq   
outFileNamePrefix                 Results/STARalignSNPRACE/noNEP-1
outSAMtype                        BAM   Unsorted   
outFilterMismatchNmax             999
outFilterMismatchNoverReadLmax    0.1
alignIntronMax                    1
alignEndsType                     EndToEnd

-------------------------------
##### Final effective command line:
/tscc/nfs/home/a5russell/mambaforge/envs/NEP/bin/STAR-avx2   --runMode alignReads      --runThreadN 6   --genomeDir Database/PB1del_adapt_TSO   --readFilesIn Sequencing/SNPRACE/RACE-m89-1-minG-noNEP_R2_001_uncapped.fastq   Sequencing/SNPRACE/RACE-m89-1-minG-noNEP_R1_001_uncapped.fastq      --outFileNamePrefix Results/STARalignSNPRACE/noNEP-1   --outSAMtype BAM   Unsorted      --outFilterMismatchNmax 999   --outFilterMismatchNoverReadLmax 0.1   --alignIntronMax 1   --alignEndsType EndToEnd
----------------------------------------

Number of fastq files for each mate = 1
ParametersSolo: --soloCellFilterType CellRanger2.2 filtering parameters:  3000 0.99 10
Finished loading and checking parameters
Reading genome generation parameters:
### /tscc/nfs/home/a5russell/mambaforge/envs/NEP/bin/STAR-avx2   --runMode genomeGenerate      --runThreadN 1   --genomeDir Database/PB1del_adapt_TSO   --genomeFastaFiles Database/PB1del_adapt_TSO.fa      --genomeSAindexNbases 3
### GstrandBit=32
versionGenome                 2.7.4a     ~RE-DEFINED
genomeType                    Full     ~RE-DEFINED
genomeFastaFiles              Database/PB1del_adapt_TSO.fa        ~RE-DEFINED
genomeSAindexNbases           3     ~RE-DEFINED
genomeChrBinNbits             18     ~RE-DEFINED
genomeSAsparseD               1     ~RE-DEFINED
genomeTransformType           None     ~RE-DEFINED
genomeTransformVCF            -     ~RE-DEFINED
sjdbOverhang                  0     ~RE-DEFINED
sjdbFileChrStartEnd           -        ~RE-DEFINED
sjdbGTFfile                   -     ~RE-DEFINED
sjdbGTFchrPrefix              -     ~RE-DEFINED
sjdbGTFfeatureExon            exon     ~RE-DEFINED
sjdbGTFtagExonParentTranscripttranscript_id     ~RE-DEFINED
sjdbGTFtagExonParentGene      gene_id     ~RE-DEFINED
sjdbInsertSave                Basic     ~RE-DEFINED
genomeFileSizes               262144   5135        ~RE-DEFINED
Genome version is compatible with current STAR
Number of real (reference) chromosomes= 1
1	PB1del	622	0
Started loading the genome: Fri Jun 21 09:25:35 2024

Genome: size given as a parameter = 262144
SA: size given as a parameter = 5135
SAindex: size given as a parameter = 1
Read from SAindex: pGe.gSAindexNbases=3  nSAi=84
nGenome=262144;  nSAbyte=5135
GstrandBit=32   SA number of indices=1244
Shared memory is not used for genomes. Allocated a private copy of the genome.
Genome file size: 262144 bytes; state: good=1 eof=0 fail=0 bad=0
Loading Genome ... done! state: good=1 eof=0 fail=0 bad=0; loaded 262144 bytes
SA file size: 5135 bytes; state: good=1 eof=0 fail=0 bad=0
Loading SA ... done! state: good=1 eof=0 fail=0 bad=0; loaded 5135 bytes
Loading SAindex ... done: 411 bytes
Finished loading the genome: Fri Jun 21 09:25:36 2024

To accommodate alignIntronMax=1 redefined winBinNbits=8
To accommodate alignIntronMax=1 and alignMatesGapMax=0, redefined winFlankNbins=1 and winAnchorDistNbins=2
Created thread # 1
Created thread # 2
Created thread # 3
Created thread # 4
Created thread # 5
Thread #3 end of input stream, nextChar=-1
Completed: thread #5
Completed: thread #1
Completed: thread #4
Completed: thread #0
Joined thread # 1
Completed: thread #3
Completed: thread #2
Joined thread # 2
Joined thread # 3
Joined thread # 4
Joined thread # 5
Jun 21 09:26:24 ..... finished mapping
RAM after mapping:
VmPeak:	 1257424 kB; VmSize:	 1253192 kB; VmHWM:	  905956 kB; VmRSS:	  901076 kB; 
RAM after freeing genome index memory:
VmPeak:	 1257424 kB; VmSize:	 1252932 kB; VmHWM:	  905956 kB; VmRSS:	  900816 kB; 
ALL DONE!
