                                 Started job on |	Jun 21 09:26:24
                             Started mapping on |	Jun 21 09:26:25
                                    Finished on |	Jun 21 09:27:41
       Mapping speed, Million of reads per hour |	130.08

                          Number of input reads |	2746061
                      Average input read length |	300
                                    UNIQUE READS:
                   Uniquely mapped reads number |	2694475
                        Uniquely mapped reads % |	98.12%
                          Average mapped length |	300.00
                       Number of splices: Total |	0
            Number of splices: Annotated (sjdb) |	0
                       Number of splices: GT/AG |	0
                       Number of splices: GC/AG |	0
                       Number of splices: AT/AC |	0
               Number of splices: Non-canonical |	0
                      Mismatch rate per base, % |	1.28%
                         Deletion rate per base |	0.03%
                        Deletion average length |	1.00
                        Insertion rate per base |	0.00%
                       Insertion average length |	1.03
                             MULTI-MAPPING READS:
        Number of reads mapped to multiple loci |	9876
             % of reads mapped to multiple loci |	0.36%
        Number of reads mapped to too many loci |	2
             % of reads mapped to too many loci |	0.00%
                                  UNMAPPED READS:
  Number of reads unmapped: too many mismatches |	6368
       % of reads unmapped: too many mismatches |	0.23%
            Number of reads unmapped: too short |	1283
                 % of reads unmapped: too short |	0.05%
                Number of reads unmapped: other |	34057
                     % of reads unmapped: other |	1.24%
                                  CHIMERIC READS:
                       Number of chimeric reads |	0
                            % of chimeric reads |	0.00%
