                                 Started job on |	Jun 21 09:31:24
                             Started mapping on |	Jun 21 09:31:24
                                    Finished on |	Jun 21 09:32:59
       Mapping speed, Million of reads per hour |	130.50

                          Number of input reads |	3443811
                      Average input read length |	300
                                    UNIQUE READS:
                   Uniquely mapped reads number |	3377342
                        Uniquely mapped reads % |	98.07%
                          Average mapped length |	300.00
                       Number of splices: Total |	0
            Number of splices: Annotated (sjdb) |	0
                       Number of splices: GT/AG |	0
                       Number of splices: GC/AG |	0
                       Number of splices: AT/AC |	0
               Number of splices: Non-canonical |	0
                      Mismatch rate per base, % |	1.31%
                         Deletion rate per base |	0.03%
                        Deletion average length |	1.00
                        Insertion rate per base |	0.00%
                       Insertion average length |	1.02
                             MULTI-MAPPING READS:
        Number of reads mapped to multiple loci |	13190
             % of reads mapped to multiple loci |	0.38%
        Number of reads mapped to too many loci |	1
             % of reads mapped to too many loci |	0.00%
                                  UNMAPPED READS:
  Number of reads unmapped: too many mismatches |	7792
       % of reads unmapped: too many mismatches |	0.23%
            Number of reads unmapped: too short |	1917
                 % of reads unmapped: too short |	0.06%
                Number of reads unmapped: other |	43569
                     % of reads unmapped: other |	1.27%
                                  CHIMERIC READS:
                       Number of chimeric reads |	0
                            % of chimeric reads |	0.00%
