                                 Started job on |	Jun 20 15:19:17
                             Started mapping on |	Jun 20 15:19:17
                                    Finished on |	Jun 20 15:21:01
       Mapping speed, Million of reads per hour |	120.22

                          Number of input reads |	3472965
                      Average input read length |	300
                                    UNIQUE READS:
                   Uniquely mapped reads number |	3370511
                        Uniquely mapped reads % |	97.05%
                          Average mapped length |	300.00
                       Number of splices: Total |	0
            Number of splices: Annotated (sjdb) |	0
                       Number of splices: GT/AG |	0
                       Number of splices: GC/AG |	0
                       Number of splices: AT/AC |	0
               Number of splices: Non-canonical |	0
                      Mismatch rate per base, % |	1.29%
                         Deletion rate per base |	0.02%
                        Deletion average length |	1.00
                        Insertion rate per base |	0.00%
                       Insertion average length |	1.04
                             MULTI-MAPPING READS:
        Number of reads mapped to multiple loci |	12217
             % of reads mapped to multiple loci |	0.35%
        Number of reads mapped to too many loci |	1
             % of reads mapped to too many loci |	0.00%
                                  UNMAPPED READS:
  Number of reads unmapped: too many mismatches |	12103
       % of reads unmapped: too many mismatches |	0.35%
            Number of reads unmapped: too short |	1406
                 % of reads unmapped: too short |	0.04%
                Number of reads unmapped: other |	76727
                     % of reads unmapped: other |	2.21%
                                  CHIMERIC READS:
                       Number of chimeric reads |	0
                            % of chimeric reads |	0.00%
