                                 Started job on |	Jun 21 09:32:59
                             Started mapping on |	Jun 21 09:32:59
                                    Finished on |	Jun 21 09:33:31
       Mapping speed, Million of reads per hour |	168.99

                          Number of input reads |	1502176
                      Average input read length |	300
                                    UNIQUE READS:
                   Uniquely mapped reads number |	1492406
                        Uniquely mapped reads % |	99.35%
                          Average mapped length |	300.00
                       Number of splices: Total |	0
            Number of splices: Annotated (sjdb) |	0
                       Number of splices: GT/AG |	0
                       Number of splices: GC/AG |	0
                       Number of splices: AT/AC |	0
               Number of splices: Non-canonical |	0
                      Mismatch rate per base, % |	0.86%
                         Deletion rate per base |	0.02%
                        Deletion average length |	1.00
                        Insertion rate per base |	0.00%
                       Insertion average length |	1.03
                             MULTI-MAPPING READS:
        Number of reads mapped to multiple loci |	3820
             % of reads mapped to multiple loci |	0.25%
        Number of reads mapped to too many loci |	0
             % of reads mapped to too many loci |	0.00%
                                  UNMAPPED READS:
  Number of reads unmapped: too many mismatches |	232
       % of reads unmapped: too many mismatches |	0.02%
            Number of reads unmapped: too short |	904
                 % of reads unmapped: too short |	0.06%
                Number of reads unmapped: other |	4814
                     % of reads unmapped: other |	0.32%
                                  CHIMERIC READS:
                       Number of chimeric reads |	0
                            % of chimeric reads |	0.00%
