                                 Started job on |	May 04 13:21:40
                             Started mapping on |	May 04 13:21:40
                                    Finished on |	May 04 13:22:44
       Mapping speed, Million of reads per hour |	95.02

                          Number of input reads |	1689304
                      Average input read length |	297
                                    UNIQUE READS:
                   Uniquely mapped reads number |	1636746
                        Uniquely mapped reads % |	96.89%
                          Average mapped length |	298.40
                       Number of splices: Total |	0
            Number of splices: Annotated (sjdb) |	0
                       Number of splices: GT/AG |	0
                       Number of splices: GC/AG |	0
                       Number of splices: AT/AC |	0
               Number of splices: Non-canonical |	0
                      Mismatch rate per base, % |	0.93%
                         Deletion rate per base |	0.06%
                        Deletion average length |	1.00
                        Insertion rate per base |	0.08%
                       Insertion average length |	4.58
                             MULTI-MAPPING READS:
        Number of reads mapped to multiple loci |	15150
             % of reads mapped to multiple loci |	0.90%
        Number of reads mapped to too many loci |	0
             % of reads mapped to too many loci |	0.00%
                                  UNMAPPED READS:
  Number of reads unmapped: too many mismatches |	10409
       % of reads unmapped: too many mismatches |	0.62%
            Number of reads unmapped: too short |	18681
                 % of reads unmapped: too short |	1.11%
                Number of reads unmapped: other |	8318
                     % of reads unmapped: other |	0.49%
                                  CHIMERIC READS:
                       Number of chimeric reads |	0
                            % of chimeric reads |	0.00%
