                                 Started job on |	Jun 20 16:45:03
                             Started mapping on |	Jun 20 16:45:04
                                    Finished on |	Jun 20 16:49:34
       Mapping speed, Million of reads per hour |	256.65

                          Number of input reads |	19248506
                      Average input read length |	294
                                    UNIQUE READS:
                   Uniquely mapped reads number |	19179494
                        Uniquely mapped reads % |	99.64%
                          Average mapped length |	294.28
                       Number of splices: Total |	0
            Number of splices: Annotated (sjdb) |	0
                       Number of splices: GT/AG |	0
                       Number of splices: GC/AG |	0
                       Number of splices: AT/AC |	0
               Number of splices: Non-canonical |	0
                      Mismatch rate per base, % |	0.76%
                         Deletion rate per base |	0.02%
                        Deletion average length |	1.00
                        Insertion rate per base |	0.00%
                       Insertion average length |	1.22
                             MULTI-MAPPING READS:
        Number of reads mapped to multiple loci |	32133
             % of reads mapped to multiple loci |	0.17%
        Number of reads mapped to too many loci |	4
             % of reads mapped to too many loci |	0.00%
                                  UNMAPPED READS:
  Number of reads unmapped: too many mismatches |	3119
       % of reads unmapped: too many mismatches |	0.02%
            Number of reads unmapped: too short |	12430
                 % of reads unmapped: too short |	0.06%
                Number of reads unmapped: other |	21326
                     % of reads unmapped: other |	0.11%
                                  CHIMERIC READS:
                       Number of chimeric reads |	0
                            % of chimeric reads |	0.00%
