                                 Started job on |	Jun 20 16:35:44
                             Started mapping on |	Jun 20 16:35:45
                                    Finished on |	Jun 20 16:40:06
       Mapping speed, Million of reads per hour |	253.58

                          Number of input reads |	18384458
                      Average input read length |	294
                                    UNIQUE READS:
                   Uniquely mapped reads number |	18314247
                        Uniquely mapped reads % |	99.62%
                          Average mapped length |	294.57
                       Number of splices: Total |	0
            Number of splices: Annotated (sjdb) |	0
                       Number of splices: GT/AG |	0
                       Number of splices: GC/AG |	0
                       Number of splices: AT/AC |	0
               Number of splices: Non-canonical |	0
                      Mismatch rate per base, % |	0.76%
                         Deletion rate per base |	0.02%
                        Deletion average length |	1.00
                        Insertion rate per base |	0.00%
                       Insertion average length |	1.19
                             MULTI-MAPPING READS:
        Number of reads mapped to multiple loci |	32541
             % of reads mapped to multiple loci |	0.18%
        Number of reads mapped to too many loci |	1
             % of reads mapped to too many loci |	0.00%
                                  UNMAPPED READS:
  Number of reads unmapped: too many mismatches |	3246
       % of reads unmapped: too many mismatches |	0.02%
            Number of reads unmapped: too short |	13220
                 % of reads unmapped: too short |	0.07%
                Number of reads unmapped: other |	21203
                     % of reads unmapped: other |	0.12%
                                  CHIMERIC READS:
                       Number of chimeric reads |	0
                            % of chimeric reads |	0.00%
