                                 Started job on |	Jun 20 16:27:28
                             Started mapping on |	Jun 20 16:27:28
                                    Finished on |	Jun 20 16:29:36
       Mapping speed, Million of reads per hour |	242.40

                          Number of input reads |	8618672
                      Average input read length |	298
                                    UNIQUE READS:
                   Uniquely mapped reads number |	8559305
                        Uniquely mapped reads % |	99.31%
                          Average mapped length |	298.87
                       Number of splices: Total |	0
            Number of splices: Annotated (sjdb) |	0
                       Number of splices: GT/AG |	0
                       Number of splices: GC/AG |	0
                       Number of splices: AT/AC |	0
               Number of splices: Non-canonical |	0
                      Mismatch rate per base, % |	0.76%
                         Deletion rate per base |	0.03%
                        Deletion average length |	1.00
                        Insertion rate per base |	0.00%
                       Insertion average length |	1.07
                             MULTI-MAPPING READS:
        Number of reads mapped to multiple loci |	29271
             % of reads mapped to multiple loci |	0.34%
        Number of reads mapped to too many loci |	1
             % of reads mapped to too many loci |	0.00%
                                  UNMAPPED READS:
  Number of reads unmapped: too many mismatches |	4080
       % of reads unmapped: too many mismatches |	0.05%
            Number of reads unmapped: too short |	9469
                 % of reads unmapped: too short |	0.11%
                Number of reads unmapped: other |	16546
                     % of reads unmapped: other |	0.19%
                                  CHIMERIC READS:
                       Number of chimeric reads |	0
                            % of chimeric reads |	0.00%
