                                 Started job on |	Jun 20 16:41:48
                             Started mapping on |	Jun 20 16:41:48
                                    Finished on |	Jun 20 16:44:00
       Mapping speed, Million of reads per hour |	312.25

                          Number of input reads |	11449206
                      Average input read length |	298
                                    UNIQUE READS:
                   Uniquely mapped reads number |	11390231
                        Uniquely mapped reads % |	99.48%
                          Average mapped length |	298.76
                       Number of splices: Total |	0
            Number of splices: Annotated (sjdb) |	0
                       Number of splices: GT/AG |	0
                       Number of splices: GC/AG |	0
                       Number of splices: AT/AC |	0
               Number of splices: Non-canonical |	0
                      Mismatch rate per base, % |	0.62%
                         Deletion rate per base |	0.02%
                        Deletion average length |	1.00
                        Insertion rate per base |	0.00%
                       Insertion average length |	1.08
                             MULTI-MAPPING READS:
        Number of reads mapped to multiple loci |	29086
             % of reads mapped to multiple loci |	0.25%
        Number of reads mapped to too many loci |	6
             % of reads mapped to too many loci |	0.00%
                                  UNMAPPED READS:
  Number of reads unmapped: too many mismatches |	2098
       % of reads unmapped: too many mismatches |	0.02%
            Number of reads unmapped: too short |	8600
                 % of reads unmapped: too short |	0.08%
                Number of reads unmapped: other |	19185
                     % of reads unmapped: other |	0.17%
                                  CHIMERIC READS:
                       Number of chimeric reads |	0
                            % of chimeric reads |	0.00%
