                                 Started job on |	May 03 19:33:19
                             Started mapping on |	May 03 19:33:19
                                    Finished on |	May 03 19:36:05
       Mapping speed, Million of reads per hour |	133.84

                          Number of input reads |	6171523
                      Average input read length |	298
                                    UNIQUE READS:
                   Uniquely mapped reads number |	6138964
                        Uniquely mapped reads % |	99.47%
                          Average mapped length |	298.83
                       Number of splices: Total |	0
            Number of splices: Annotated (sjdb) |	0
                       Number of splices: GT/AG |	0
                       Number of splices: GC/AG |	0
                       Number of splices: AT/AC |	0
               Number of splices: Non-canonical |	0
                      Mismatch rate per base, % |	0.62%
                         Deletion rate per base |	0.02%
                        Deletion average length |	1.00
                        Insertion rate per base |	0.00%
                       Insertion average length |	1.07
                             MULTI-MAPPING READS:
        Number of reads mapped to multiple loci |	15551
             % of reads mapped to multiple loci |	0.25%
        Number of reads mapped to too many loci |	3
             % of reads mapped to too many loci |	0.00%
                                  UNMAPPED READS:
  Number of reads unmapped: too many mismatches |	1284
       % of reads unmapped: too many mismatches |	0.02%
            Number of reads unmapped: too short |	4895
                 % of reads unmapped: too short |	0.08%
                Number of reads unmapped: other |	10826
                     % of reads unmapped: other |	0.18%
                                  CHIMERIC READS:
                       Number of chimeric reads |	0
                            % of chimeric reads |	0.00%
